Mensaje I / 00:00:00:000 / Root(00) para top(01)
Mensaje I / 00:00:00:000 / top(01) para account(02)
Mensaje D / 00:00:00:000 / account(02) / ... para top(01)
Mensaje D / 00:00:00:000 / top(01) / ... para Root(00)
Mensaje X / 00:00:10:000 / Root(00) / account_setting /      1.00000 para top(01)
Mensaje X / 00:00:10:000 / top(01) / account_setting /      1.00000 para account(02)
Mensaje D / 00:00:10:000 / account(02) / 00:00:00:000 para top(01)
Mensaje D / 00:00:10:000 / top(01) / 00:00:00:000 para Root(00)
Mensaje * / 00:00:10:000 / Root(00) para top(01)
Mensaje * / 00:00:10:000 / top(01) para account(02)
Mensaje D / 00:00:10:000 / account(02) / 00:00:10:000 para top(01)
Mensaje D / 00:00:10:000 / top(01) / 00:00:10:000 para Root(00)
Mensaje X / 00:00:15:000 / Root(00) / plus_in /      1.00000 para top(01)
Mensaje X / 00:00:15:000 / top(01) / plus_in /      1.00000 para account(02)
Mensaje D / 00:00:15:000 / account(02) / 00:00:00:000 para top(01)
Mensaje D / 00:00:15:000 / top(01) / 00:00:00:000 para Root(00)
Mensaje * / 00:00:15:000 / Root(00) para top(01)
Mensaje * / 00:00:15:000 / top(01) para account(02)
Mensaje D / 00:00:15:000 / account(02) / 00:00:10:000 para top(01)
Mensaje D / 00:00:15:000 / top(01) / 00:00:10:000 para Root(00)
Mensaje X / 00:00:16:000 / Root(00) / plus_in /      1.00000 para top(01)
Mensaje X / 00:00:16:000 / top(01) / plus_in /      1.00000 para account(02)
Mensaje D / 00:00:16:000 / account(02) / 00:00:00:000 para top(01)
Mensaje D / 00:00:16:000 / top(01) / 00:00:00:000 para Root(00)
Mensaje * / 00:00:16:000 / Root(00) para top(01)
Mensaje * / 00:00:16:000 / top(01) para account(02)
Mensaje D / 00:00:16:000 / account(02) / 00:00:10:000 para top(01)
Mensaje D / 00:00:16:000 / top(01) / 00:00:10:000 para Root(00)
Mensaje * / 00:00:26:000 / Root(00) para top(01)
Mensaje * / 00:00:26:000 / top(01) para account(02)
Mensaje D / 00:00:26:000 / account(02) / 00:00:10:000 para top(01)
Mensaje D / 00:00:26:000 / top(01) / 00:00:10:000 para Root(00)
Mensaje * / 00:00:36:000 / Root(00) para top(01)
Mensaje * / 00:00:36:000 / top(01) para account(02)
Mensaje D / 00:00:36:000 / account(02) / 00:00:10:000 para top(01)
Mensaje D / 00:00:36:000 / top(01) / 00:00:10:000 para Root(00)
Mensaje * / 00:00:46:000 / Root(00) para top(01)
Mensaje * / 00:00:46:000 / top(01) para account(02)
Mensaje D / 00:00:46:000 / account(02) / 00:00:10:000 para top(01)
Mensaje D / 00:00:46:000 / top(01) / 00:00:10:000 para Root(00)
Mensaje X / 00:00:50:000 / Root(00) / account_setting /      1.00000 para top(01)
Mensaje X / 00:00:50:000 / top(01) / account_setting /      1.00000 para account(02)
Mensaje D / 00:00:50:000 / account(02) / 00:00:00:000 para top(01)
Mensaje D / 00:00:50:000 / top(01) / 00:00:00:000 para Root(00)
Mensaje * / 00:00:50:000 / Root(00) para top(01)
Mensaje * / 00:00:50:000 / top(01) para account(02)
Mensaje Y / 00:00:50:000 / account(02) / accountno_out /      2.00000 para top(01)
Mensaje D / 00:00:50:000 / account(02) / ... para top(01)
Mensaje Y / 00:00:50:000 / top(01) / accountno_out /      2.00000 para Root(00)
Mensaje D / 00:00:50:000 / top(01) / ... para Root(00)
Mensaje X / 00:01:00:000 / Root(00) / account_setting /      1.00000 para top(01)
Mensaje X / 00:01:00:000 / top(01) / account_setting /      1.00000 para account(02)
Mensaje D / 00:01:00:000 / account(02) / 00:00:00:000 para top(01)
Mensaje D / 00:01:00:000 / top(01) / 00:00:00:000 para Root(00)
Mensaje * / 00:01:00:000 / Root(00) para top(01)
Mensaje * / 00:01:00:000 / top(01) para account(02)
Mensaje D / 00:01:00:000 / account(02) / 00:00:10:000 para top(01)
Mensaje D / 00:01:00:000 / top(01) / 00:00:10:000 para Root(00)
Mensaje X / 00:01:05:000 / Root(00) / plus_in /      1.00000 para top(01)
Mensaje X / 00:01:05:000 / top(01) / plus_in /      1.00000 para account(02)
Mensaje D / 00:01:05:000 / account(02) / 00:00:00:000 para top(01)
Mensaje D / 00:01:05:000 / top(01) / 00:00:00:000 para Root(00)
Mensaje * / 00:01:05:000 / Root(00) para top(01)
Mensaje * / 00:01:05:000 / top(01) para account(02)
Mensaje D / 00:01:05:000 / account(02) / 00:00:10:000 para top(01)
Mensaje D / 00:01:05:000 / top(01) / 00:00:10:000 para Root(00)
Mensaje X / 00:01:07:000 / Root(00) / plus_in /      1.00000 para top(01)
Mensaje X / 00:01:07:000 / top(01) / plus_in /      1.00000 para account(02)
Mensaje D / 00:01:07:000 / account(02) / 00:00:00:000 para top(01)
Mensaje D / 00:01:07:000 / top(01) / 00:00:00:000 para Root(00)
Mensaje * / 00:01:07:000 / Root(00) para top(01)
Mensaje * / 00:01:07:000 / top(01) para account(02)
Mensaje D / 00:01:07:000 / account(02) / 00:00:10:000 para top(01)
Mensaje D / 00:01:07:000 / top(01) / 00:00:10:000 para Root(00)
Mensaje X / 00:01:08:000 / Root(00) / plus_in /      1.00000 para top(01)
Mensaje X / 00:01:08:000 / top(01) / plus_in /      1.00000 para account(02)
Mensaje D / 00:01:08:000 / account(02) / 00:00:00:000 para top(01)
Mensaje D / 00:01:08:000 / top(01) / 00:00:00:000 para Root(00)
Mensaje * / 00:01:08:000 / Root(00) para top(01)
Mensaje * / 00:01:08:000 / top(01) para account(02)
Mensaje D / 00:01:08:000 / account(02) / 00:00:10:000 para top(01)
Mensaje D / 00:01:08:000 / top(01) / 00:00:10:000 para Root(00)
Mensaje X / 00:01:09:000 / Root(00) / plus_in /      1.00000 para top(01)
Mensaje X / 00:01:09:000 / top(01) / plus_in /      1.00000 para account(02)
Mensaje D / 00:01:09:000 / account(02) / 00:00:00:000 para top(01)
Mensaje D / 00:01:09:000 / top(01) / 00:00:00:000 para Root(00)
Mensaje * / 00:01:09:000 / Root(00) para top(01)
Mensaje * / 00:01:09:000 / top(01) para account(02)
Mensaje D / 00:01:09:000 / account(02) / 00:00:10:000 para top(01)
Mensaje D / 00:01:09:000 / top(01) / 00:00:10:000 para Root(00)
Mensaje X / 00:01:10:000 / Root(00) / minus_in /      1.00000 para top(01)
Mensaje X / 00:01:10:000 / top(01) / minus_in /      1.00000 para account(02)
Mensaje D / 00:01:10:000 / account(02) / 00:00:00:000 para top(01)
Mensaje D / 00:01:10:000 / top(01) / 00:00:00:000 para Root(00)
Mensaje * / 00:01:10:000 / Root(00) para top(01)
Mensaje * / 00:01:10:000 / top(01) para account(02)
Mensaje D / 00:01:10:000 / account(02) / 00:00:10:000 para top(01)
Mensaje D / 00:01:10:000 / top(01) / 00:00:10:000 para Root(00)
Mensaje X / 00:01:12:000 / Root(00) / plus_in /      1.00000 para top(01)
Mensaje X / 00:01:12:000 / top(01) / plus_in /      1.00000 para account(02)
Mensaje D / 00:01:12:000 / account(02) / 00:00:00:000 para top(01)
Mensaje D / 00:01:12:000 / top(01) / 00:00:00:000 para Root(00)
Mensaje * / 00:01:12:000 / Root(00) para top(01)
Mensaje * / 00:01:12:000 / top(01) para account(02)
Mensaje D / 00:01:12:000 / account(02) / 00:00:10:000 para top(01)
Mensaje D / 00:01:12:000 / top(01) / 00:00:10:000 para Root(00)
Mensaje X / 00:01:15:000 / Root(00) / account_setting /      1.00000 para top(01)
Mensaje X / 00:01:15:000 / top(01) / account_setting /      1.00000 para account(02)
Mensaje D / 00:01:15:000 / account(02) / 00:00:00:000 para top(01)
Mensaje D / 00:01:15:000 / top(01) / 00:00:00:000 para Root(00)
Mensaje * / 00:01:15:000 / Root(00) para top(01)
Mensaje * / 00:01:15:000 / top(01) para account(02)
Mensaje Y / 00:01:15:000 / account(02) / accountno_out /      4.00000 para top(01)
Mensaje D / 00:01:15:000 / account(02) / ... para top(01)
Mensaje Y / 00:01:15:000 / top(01) / accountno_out /      4.00000 para Root(00)
Mensaje D / 00:01:15:000 / top(01) / ... para Root(00)
