Mensaje I / 00:00:00:000 / Root(00) para top(01)
Mensaje I / 00:00:00:000 / top(01) para filter(02)
Mensaje I / 00:00:00:000 / top(01) para write(03)
Mensaje I / 00:00:00:000 / top(01) para display(04)
Mensaje D / 00:00:00:000 / filter(02) / ... para top(01)
Mensaje D / 00:00:00:000 / write(03) / ... para top(01)
Mensaje D / 00:00:00:000 / display(04) / ... para top(01)
Mensaje D / 00:00:00:000 / top(01) / ... para Root(00)
Mensaje X / 00:00:00:000 / Root(00) / bit4_in /      4.00000 para top(01)
Mensaje X / 00:00:00:000 / top(01) / bit4_in /      4.00000 para filter(02)
Mensaje D / 00:00:00:000 / filter(02) / 00:00:00:000 para top(01)
Mensaje D / 00:00:00:000 / top(01) / 00:00:00:000 para Root(00)
Mensaje X / 00:00:00:000 / Root(00) / bit3_in /      3.00000 para top(01)
Mensaje X / 00:00:00:000 / top(01) / bit3_in /      3.00000 para filter(02)
Mensaje D / 00:00:00:000 / filter(02) / 00:00:00:000 para top(01)
Mensaje D / 00:00:00:000 / top(01) / 00:00:00:000 para Root(00)
Mensaje X / 00:00:00:000 / Root(00) / bit2_in /      2.00000 para top(01)
Mensaje X / 00:00:00:000 / top(01) / bit2_in /      2.00000 para filter(02)
Mensaje D / 00:00:00:000 / filter(02) / 00:00:00:000 para top(01)
Mensaje D / 00:00:00:000 / top(01) / 00:00:00:000 para Root(00)
Mensaje X / 00:00:00:000 / Root(00) / bit1_in /      1.00000 para top(01)
Mensaje X / 00:00:00:000 / top(01) / bit1_in /      1.00000 para filter(02)
Mensaje D / 00:00:00:000 / filter(02) / 00:00:00:000 para top(01)
Mensaje D / 00:00:00:000 / top(01) / 00:00:00:000 para Root(00)
Mensaje * / 00:00:00:000 / Root(00) para top(01)
Mensaje * / 00:00:00:000 / top(01) para filter(02)
Mensaje D / 00:00:00:000 / filter(02) / 00:00:10:000 para top(01)
Mensaje D / 00:00:00:000 / top(01) / 00:00:10:000 para Root(00)
Mensaje X / 00:00:10:000 / Root(00) / choice_in /      3.00000 para top(01)
Mensaje X / 00:00:10:000 / top(01) / choice_in /      3.00000 para filter(02)
Mensaje X / 00:00:10:000 / top(01) / choice_in /      3.00000 para write(03)
Mensaje D / 00:00:10:000 / filter(02) / 00:00:00:000 para top(01)
Mensaje D / 00:00:10:000 / write(03) / 00:00:10:000 para top(01)
Mensaje D / 00:00:10:000 / top(01) / 00:00:00:000 para Root(00)
Mensaje * / 00:00:10:000 / Root(00) para top(01)
Mensaje * / 00:00:10:000 / top(01) para filter(02)
Mensaje Y / 00:00:10:000 / filter(02) / bit_out /      3.00000 para top(01)
Mensaje D / 00:00:10:000 / filter(02) / ... para top(01)
Mensaje X / 00:00:10:000 / top(01) / filter_in /      3.00000 para display(04)
Mensaje D / 00:00:10:000 / display(04) / 00:00:00:000 para top(01)
Mensaje D / 00:00:10:000 / top(01) / 00:00:00:000 para Root(00)
Mensaje * / 00:00:10:000 / Root(00) para top(01)
Mensaje * / 00:00:10:000 / top(01) para display(04)
Mensaje Y / 00:00:10:000 / display(04) / display_out /      3.00000 para top(01)
Mensaje D / 00:00:10:000 / display(04) / ... para top(01)
Mensaje Y / 00:00:10:000 / top(01) / display_out /      3.00000 para Root(00)
Mensaje D / 00:00:10:000 / top(01) / 00:00:10:000 para Root(00)
Mensaje * / 00:00:20:000 / Root(00) para top(01)
Mensaje * / 00:00:20:000 / top(01) para write(03)
Mensaje Y / 00:00:20:000 / write(03) / write_out /      3.00000 para top(01)
Mensaje D / 00:00:20:000 / write(03) / ... para top(01)
Mensaje X / 00:00:20:000 / top(01) / write_in /      3.00000 para display(04)
Mensaje D / 00:00:20:000 / display(04) / 00:00:00:000 para top(01)
Mensaje D / 00:00:20:000 / top(01) / 00:00:00:000 para Root(00)
Mensaje * / 00:00:20:000 / Root(00) para top(01)
Mensaje * / 00:00:20:000 / top(01) para display(04)
Mensaje Y / 00:00:20:000 / display(04) / display_out /      3.00000 para top(01)
Mensaje D / 00:00:20:000 / display(04) / ... para top(01)
Mensaje Y / 00:00:20:000 / top(01) / display_out /      3.00000 para Root(00)
Mensaje D / 00:00:20:000 / top(01) / ... para Root(00)
