Mensaje I / 00:00:00:000 / Root(00) para top(01)
Mensaje I / 00:00:00:000 / top(01) para datageneration(02)
Mensaje D / 00:00:00:000 / datageneration(02) / ... para top(01)
Mensaje D / 00:00:00:000 / top(01) / ... para Root(00)
Mensaje X / 00:00:00:000 / Root(00) / lt_in /     10.00000 para top(01)
Mensaje X / 00:00:00:000 / top(01) / lt_in /     10.00000 para datageneration(02)
Mensaje D / 00:00:00:000 / datageneration(02) / 00:00:00:000 para top(01)
Mensaje D / 00:00:00:000 / top(01) / 00:00:00:000 para Root(00)
Mensaje * / 00:00:00:000 / Root(00) para top(01)
Mensaje * / 00:00:00:000 / top(01) para datageneration(02)
Mensaje D / 00:00:00:000 / datageneration(02) / 00:00:10:000 para top(01)
Mensaje D / 00:00:00:000 / top(01) / 00:00:10:000 para Root(00)
Mensaje X / 00:00:10:000 / Root(00) / accountno_in /      4.00000 para top(01)
Mensaje X / 00:00:10:000 / top(01) / accountno_in /      4.00000 para datageneration(02)
Mensaje D / 00:00:10:000 / datageneration(02) / 00:00:00:000 para top(01)
Mensaje D / 00:00:10:000 / top(01) / 00:00:00:000 para Root(00)
Mensaje * / 00:00:10:000 / Root(00) para top(01)
Mensaje * / 00:00:10:000 / top(01) para datageneration(02)
Mensaje Y / 00:00:10:000 / datageneration(02) / data4_out /      4.00000 para top(01)
Mensaje Y / 00:00:10:000 / datageneration(02) / data3_out /      3.00000 para top(01)
Mensaje Y / 00:00:10:000 / datageneration(02) / data2_out /      2.00000 para top(01)
Mensaje Y / 00:00:10:000 / datageneration(02) / data1_out /      1.00000 para top(01)
Mensaje D / 00:00:10:000 / datageneration(02) / ... para top(01)
Mensaje Y / 00:00:10:000 / top(01) / data4_out /      4.00000 para Root(00)
Mensaje Y / 00:00:10:000 / top(01) / data3_out /      3.00000 para Root(00)
Mensaje Y / 00:00:10:000 / top(01) / data2_out /      2.00000 para Root(00)
Mensaje Y / 00:00:10:000 / top(01) / data1_out /      1.00000 para Root(00)
Mensaje D / 00:00:10:000 / top(01) / ... para Root(00)
Mensaje X / 00:00:20:000 / Root(00) / lt_in /     20.00000 para top(01)
Mensaje X / 00:00:20:000 / top(01) / lt_in /     20.00000 para datageneration(02)
Mensaje D / 00:00:20:000 / datageneration(02) / 00:00:00:000 para top(01)
Mensaje D / 00:00:20:000 / top(01) / 00:00:00:000 para Root(00)
Mensaje * / 00:00:20:000 / Root(00) para top(01)
Mensaje * / 00:00:20:000 / top(01) para datageneration(02)
Mensaje D / 00:00:20:000 / datageneration(02) / 00:00:20:000 para top(01)
Mensaje D / 00:00:20:000 / top(01) / 00:00:20:000 para Root(00)
Mensaje X / 00:00:30:000 / Root(00) / accountno_in /      3.00000 para top(01)
Mensaje X / 00:00:30:000 / top(01) / accountno_in /      3.00000 para datageneration(02)
Mensaje D / 00:00:30:000 / datageneration(02) / 00:00:00:000 para top(01)
Mensaje D / 00:00:30:000 / top(01) / 00:00:00:000 para Root(00)
Mensaje * / 00:00:30:000 / Root(00) para top(01)
Mensaje * / 00:00:30:000 / top(01) para datageneration(02)
Mensaje Y / 00:00:30:000 / datageneration(02) / data3_out /      3.00000 para top(01)
Mensaje Y / 00:00:30:000 / datageneration(02) / data2_out /      2.00000 para top(01)
Mensaje Y / 00:00:30:000 / datageneration(02) / data1_out /      1.00000 para top(01)
Mensaje D / 00:00:30:000 / datageneration(02) / ... para top(01)
Mensaje Y / 00:00:30:000 / top(01) / data3_out /      3.00000 para Root(00)
Mensaje Y / 00:00:30:000 / top(01) / data2_out /      2.00000 para Root(00)
Mensaje Y / 00:00:30:000 / top(01) / data1_out /      1.00000 para Root(00)
Mensaje D / 00:00:30:000 / top(01) / ... para Root(00)
Mensaje X / 00:00:40:000 / Root(00) / lt_in /      5.00000 para top(01)
Mensaje X / 00:00:40:000 / top(01) / lt_in /      5.00000 para datageneration(02)
Mensaje D / 00:00:40:000 / datageneration(02) / 00:00:00:000 para top(01)
Mensaje D / 00:00:40:000 / top(01) / 00:00:00:000 para Root(00)
Mensaje * / 00:00:40:000 / Root(00) para top(01)
Mensaje * / 00:00:40:000 / top(01) para datageneration(02)
Mensaje D / 00:00:40:000 / datageneration(02) / 00:00:05:000 para top(01)
Mensaje D / 00:00:40:000 / top(01) / 00:00:05:000 para Root(00)
Mensaje * / 00:00:45:000 / Root(00) para top(01)
Mensaje * / 00:00:45:000 / top(01) para datageneration(02)
Mensaje D / 00:00:45:000 / datageneration(02) / 00:00:05:000 para top(01)
Mensaje D / 00:00:45:000 / top(01) / 00:00:05:000 para Root(00)
Mensaje X / 00:00:50:000 / Root(00) / accountno_in /      2.00000 para top(01)
Mensaje X / 00:00:50:000 / top(01) / accountno_in /      2.00000 para datageneration(02)
Mensaje D / 00:00:50:000 / datageneration(02) / 00:00:00:000 para top(01)
Mensaje D / 00:00:50:000 / top(01) / 00:00:00:000 para Root(00)
Mensaje * / 00:00:50:000 / Root(00) para top(01)
Mensaje * / 00:00:50:000 / top(01) para datageneration(02)
Mensaje Y / 00:00:50:000 / datageneration(02) / data2_out /      2.00000 para top(01)
Mensaje Y / 00:00:50:000 / datageneration(02) / data1_out /      1.00000 para top(01)
Mensaje D / 00:00:50:000 / datageneration(02) / ... para top(01)
Mensaje Y / 00:00:50:000 / top(01) / data2_out /      2.00000 para Root(00)
Mensaje Y / 00:00:50:000 / top(01) / data1_out /      1.00000 para Root(00)
Mensaje D / 00:00:50:000 / top(01) / ... para Root(00)
Mensaje X / 00:01:10:000 / Root(00) / lt_in /     10.00000 para top(01)
Mensaje X / 00:01:10:000 / top(01) / lt_in /     10.00000 para datageneration(02)
Mensaje D / 00:01:10:000 / datageneration(02) / 00:00:00:000 para top(01)
Mensaje D / 00:01:10:000 / top(01) / 00:00:00:000 para Root(00)
Mensaje * / 00:01:10:000 / Root(00) para top(01)
Mensaje * / 00:01:10:000 / top(01) para datageneration(02)
Mensaje D / 00:01:10:000 / datageneration(02) / 00:00:10:000 para top(01)
Mensaje D / 00:01:10:000 / top(01) / 00:00:10:000 para Root(00)
Mensaje X / 00:01:20:000 / Root(00) / accountno_in /      4.00000 para top(01)
Mensaje X / 00:01:20:000 / top(01) / accountno_in /      4.00000 para datageneration(02)
Mensaje D / 00:01:20:000 / datageneration(02) / 00:00:00:000 para top(01)
Mensaje D / 00:01:20:000 / top(01) / 00:00:00:000 para Root(00)
Mensaje * / 00:01:20:000 / Root(00) para top(01)
Mensaje * / 00:01:20:000 / top(01) para datageneration(02)
Mensaje Y / 00:01:20:000 / datageneration(02) / data4_out /      4.00000 para top(01)
Mensaje Y / 00:01:20:000 / datageneration(02) / data3_out /      3.00000 para top(01)
Mensaje Y / 00:01:20:000 / datageneration(02) / data2_out /      2.00000 para top(01)
Mensaje Y / 00:01:20:000 / datageneration(02) / data1_out /      1.00000 para top(01)
Mensaje D / 00:01:20:000 / datageneration(02) / ... para top(01)
Mensaje Y / 00:01:20:000 / top(01) / data4_out /      4.00000 para Root(00)
Mensaje Y / 00:01:20:000 / top(01) / data3_out /      3.00000 para Root(00)
Mensaje Y / 00:01:20:000 / top(01) / data2_out /      2.00000 para Root(00)
Mensaje Y / 00:01:20:000 / top(01) / data1_out /      1.00000 para Root(00)
Mensaje D / 00:01:20:000 / top(01) / ... para Root(00)
Mensaje X / 00:01:30:000 / Root(00) / lt_in /     30.00000 para top(01)
Mensaje X / 00:01:30:000 / top(01) / lt_in /     30.00000 para datageneration(02)
Mensaje D / 00:01:30:000 / datageneration(02) / 00:00:00:000 para top(01)
Mensaje D / 00:01:30:000 / top(01) / 00:00:00:000 para Root(00)
Mensaje * / 00:01:30:000 / Root(00) para top(01)
Mensaje * / 00:01:30:000 / top(01) para datageneration(02)
Mensaje D / 00:01:30:000 / datageneration(02) / 00:00:30:000 para top(01)
Mensaje D / 00:01:30:000 / top(01) / 00:00:30:000 para Root(00)
Mensaje X / 00:01:35:000 / Root(00) / accountno_in /      3.00000 para top(01)
Mensaje X / 00:01:35:000 / top(01) / accountno_in /      3.00000 para datageneration(02)
Mensaje D / 00:01:35:000 / datageneration(02) / 00:00:00:000 para top(01)
Mensaje D / 00:01:35:000 / top(01) / 00:00:00:000 para Root(00)
Mensaje * / 00:01:35:000 / Root(00) para top(01)
Mensaje * / 00:01:35:000 / top(01) para datageneration(02)
Mensaje Y / 00:01:35:000 / datageneration(02) / data3_out /      3.00000 para top(01)
Mensaje Y / 00:01:35:000 / datageneration(02) / data2_out /      2.00000 para top(01)
Mensaje Y / 00:01:35:000 / datageneration(02) / data1_out /      1.00000 para top(01)
Mensaje D / 00:01:35:000 / datageneration(02) / ... para top(01)
Mensaje Y / 00:01:35:000 / top(01) / data3_out /      3.00000 para Root(00)
Mensaje Y / 00:01:35:000 / top(01) / data2_out /      2.00000 para Root(00)
Mensaje Y / 00:01:35:000 / top(01) / data1_out /      1.00000 para Root(00)
Mensaje D / 00:01:35:000 / top(01) / ... para Root(00)
Mensaje X / 00:01:40:000 / Root(00) / lt_in /     10.00000 para top(01)
Mensaje X / 00:01:40:000 / top(01) / lt_in /     10.00000 para datageneration(02)
Mensaje D / 00:01:40:000 / datageneration(02) / 00:00:00:000 para top(01)
Mensaje D / 00:01:40:000 / top(01) / 00:00:00:000 para Root(00)
Mensaje * / 00:01:40:000 / Root(00) para top(01)
Mensaje * / 00:01:40:000 / top(01) para datageneration(02)
Mensaje D / 00:01:40:000 / datageneration(02) / 00:00:10:000 para top(01)
Mensaje D / 00:01:40:000 / top(01) / 00:00:10:000 para Root(00)
Mensaje X / 00:01:50:000 / Root(00) / accountno_in /      2.00000 para top(01)
Mensaje X / 00:01:50:000 / top(01) / accountno_in /      2.00000 para datageneration(02)
Mensaje D / 00:01:50:000 / datageneration(02) / 00:00:00:000 para top(01)
Mensaje D / 00:01:50:000 / top(01) / 00:00:00:000 para Root(00)
Mensaje * / 00:01:50:000 / Root(00) para top(01)
Mensaje * / 00:01:50:000 / top(01) para datageneration(02)
Mensaje Y / 00:01:50:000 / datageneration(02) / data2_out /      2.00000 para top(01)
Mensaje Y / 00:01:50:000 / datageneration(02) / data1_out /      1.00000 para top(01)
Mensaje D / 00:01:50:000 / datageneration(02) / ... para top(01)
Mensaje Y / 00:01:50:000 / top(01) / data2_out /      2.00000 para Root(00)
Mensaje Y / 00:01:50:000 / top(01) / data1_out /      1.00000 para Root(00)
Mensaje D / 00:01:50:000 / top(01) / ... para Root(00)
