Mensaje I / 00:00:00:000 / Root(00) para top(01)
Mensaje I / 00:00:00:000 / top(01) para display(02)
Mensaje D / 00:00:00:000 / display(02) / ... para top(01)
Mensaje D / 00:00:00:000 / top(01) / ... para Root(00)
Mensaje X / 00:00:00:000 / Root(00) / filter_in /      4.00000 para top(01)
Mensaje X / 00:00:00:000 / top(01) / filter_in /      4.00000 para display(02)
Mensaje D / 00:00:00:000 / display(02) / 00:00:00:000 para top(01)
Mensaje D / 00:00:00:000 / top(01) / 00:00:00:000 para Root(00)
Mensaje * / 00:00:00:000 / Root(00) para top(01)
Mensaje * / 00:00:00:000 / top(01) para display(02)
Mensaje Y / 00:00:00:000 / display(02) / display_out /      4.00000 para top(01)
Mensaje D / 00:00:00:000 / display(02) / ... para top(01)
Mensaje Y / 00:00:00:000 / top(01) / display_out /      4.00000 para Root(00)
Mensaje D / 00:00:00:000 / top(01) / ... para Root(00)
Mensaje X / 00:00:05:000 / Root(00) / write_in /      3.00000 para top(01)
Mensaje X / 00:00:05:000 / top(01) / write_in /      3.00000 para display(02)
Mensaje D / 00:00:05:000 / display(02) / 00:00:00:000 para top(01)
Mensaje D / 00:00:05:000 / top(01) / 00:00:00:000 para Root(00)
Mensaje * / 00:00:05:000 / Root(00) para top(01)
Mensaje * / 00:00:05:000 / top(01) para display(02)
Mensaje Y / 00:00:05:000 / display(02) / display_out /      3.00000 para top(01)
Mensaje D / 00:00:05:000 / display(02) / ... para top(01)
Mensaje Y / 00:00:05:000 / top(01) / display_out /      3.00000 para Root(00)
Mensaje D / 00:00:05:000 / top(01) / ... para Root(00)
Mensaje X / 00:00:10:000 / Root(00) / filter_in /      2.00000 para top(01)
Mensaje X / 00:00:10:000 / top(01) / filter_in /      2.00000 para display(02)
Mensaje D / 00:00:10:000 / display(02) / 00:00:00:000 para top(01)
Mensaje D / 00:00:10:000 / top(01) / 00:00:00:000 para Root(00)
Mensaje X / 00:00:10:000 / Root(00) / write_in /      2.00000 para top(01)
Mensaje X / 00:00:10:000 / top(01) / write_in /      2.00000 para display(02)
Mensaje D / 00:00:10:000 / display(02) / 00:00:00:000 para top(01)
Mensaje D / 00:00:10:000 / top(01) / 00:00:00:000 para Root(00)
Mensaje * / 00:00:10:000 / Root(00) para top(01)
Mensaje * / 00:00:10:000 / top(01) para display(02)
Mensaje Y / 00:00:10:000 / display(02) / display_out /      2.00000 para top(01)
Mensaje Y / 00:00:10:000 / display(02) / display_out /      2.00000 para top(01)
Mensaje D / 00:00:10:000 / display(02) / ... para top(01)
Mensaje Y / 00:00:10:000 / top(01) / display_out /      2.00000 para Root(00)
Mensaje Y / 00:00:10:000 / top(01) / display_out /      2.00000 para Root(00)
Mensaje D / 00:00:10:000 / top(01) / ... para Root(00)
Mensaje X / 00:00:30:000 / Root(00) / filter_in /      1.00000 para top(01)
Mensaje X / 00:00:30:000 / top(01) / filter_in /      1.00000 para display(02)
Mensaje D / 00:00:30:000 / display(02) / 00:00:00:000 para top(01)
Mensaje D / 00:00:30:000 / top(01) / 00:00:00:000 para Root(00)
Mensaje * / 00:00:30:000 / Root(00) para top(01)
Mensaje * / 00:00:30:000 / top(01) para display(02)
Mensaje Y / 00:00:30:000 / display(02) / display_out /      1.00000 para top(01)
Mensaje D / 00:00:30:000 / display(02) / ... para top(01)
Mensaje Y / 00:00:30:000 / top(01) / display_out /      1.00000 para Root(00)
Mensaje D / 00:00:30:000 / top(01) / ... para Root(00)
Mensaje X / 00:00:40:000 / Root(00) / write_in /      2.00000 para top(01)
Mensaje X / 00:00:40:000 / top(01) / write_in /      2.00000 para display(02)
Mensaje D / 00:00:40:000 / display(02) / 00:00:00:000 para top(01)
Mensaje D / 00:00:40:000 / top(01) / 00:00:00:000 para Root(00)
Mensaje * / 00:00:40:000 / Root(00) para top(01)
Mensaje * / 00:00:40:000 / top(01) para display(02)
Mensaje Y / 00:00:40:000 / display(02) / display_out /      2.00000 para top(01)
Mensaje D / 00:00:40:000 / display(02) / ... para top(01)
Mensaje Y / 00:00:40:000 / top(01) / display_out /      2.00000 para Root(00)
Mensaje D / 00:00:40:000 / top(01) / ... para Root(00)
Mensaje X / 00:00:45:000 / Root(00) / write_in /      3.00000 para top(01)
Mensaje X / 00:00:45:000 / top(01) / write_in /      3.00000 para display(02)
Mensaje D / 00:00:45:000 / display(02) / 00:00:00:000 para top(01)
Mensaje D / 00:00:45:000 / top(01) / 00:00:00:000 para Root(00)
Mensaje * / 00:00:45:000 / Root(00) para top(01)
Mensaje * / 00:00:45:000 / top(01) para display(02)
Mensaje Y / 00:00:45:000 / display(02) / display_out /      3.00000 para top(01)
Mensaje D / 00:00:45:000 / display(02) / ... para top(01)
Mensaje Y / 00:00:45:000 / top(01) / display_out /      3.00000 para Root(00)
Mensaje D / 00:00:45:000 / top(01) / ... para Root(00)
Mensaje X / 00:00:50:000 / Root(00) / filter_in /      4.00000 para top(01)
Mensaje X / 00:00:50:000 / top(01) / filter_in /      4.00000 para display(02)
Mensaje D / 00:00:50:000 / display(02) / 00:00:00:000 para top(01)
Mensaje D / 00:00:50:000 / top(01) / 00:00:00:000 para Root(00)
Mensaje * / 00:00:50:000 / Root(00) para top(01)
Mensaje * / 00:00:50:000 / top(01) para display(02)
Mensaje Y / 00:00:50:000 / display(02) / display_out /      4.00000 para top(01)
Mensaje D / 00:00:50:000 / display(02) / ... para top(01)
Mensaje Y / 00:00:50:000 / top(01) / display_out /      4.00000 para Root(00)
Mensaje D / 00:00:50:000 / top(01) / ... para Root(00)
Mensaje X / 00:01:20:000 / Root(00) / write_in /      3.00000 para top(01)
Mensaje X / 00:01:20:000 / top(01) / write_in /      3.00000 para display(02)
Mensaje D / 00:01:20:000 / display(02) / 00:00:00:000 para top(01)
Mensaje D / 00:01:20:000 / top(01) / 00:00:00:000 para Root(00)
Mensaje * / 00:01:20:000 / Root(00) para top(01)
Mensaje * / 00:01:20:000 / top(01) para display(02)
Mensaje Y / 00:01:20:000 / display(02) / display_out /      3.00000 para top(01)
Mensaje D / 00:01:20:000 / display(02) / ... para top(01)
Mensaje Y / 00:01:20:000 / top(01) / display_out /      3.00000 para Root(00)
Mensaje D / 00:01:20:000 / top(01) / ... para Root(00)
Mensaje X / 00:01:30:000 / Root(00) / filter_in /      2.00000 para top(01)
Mensaje X / 00:01:30:000 / top(01) / filter_in /      2.00000 para display(02)
Mensaje D / 00:01:30:000 / display(02) / 00:00:00:000 para top(01)
Mensaje D / 00:01:30:000 / top(01) / 00:00:00:000 para Root(00)
Mensaje * / 00:01:30:000 / Root(00) para top(01)
Mensaje * / 00:01:30:000 / top(01) para display(02)
Mensaje Y / 00:01:30:000 / display(02) / display_out /      2.00000 para top(01)
Mensaje D / 00:01:30:000 / display(02) / ... para top(01)
Mensaje Y / 00:01:30:000 / top(01) / display_out /      2.00000 para Root(00)
Mensaje D / 00:01:30:000 / top(01) / ... para Root(00)
Mensaje X / 00:01:35:000 / Root(00) / write_in /      1.00000 para top(01)
Mensaje X / 00:01:35:000 / top(01) / write_in /      1.00000 para display(02)
Mensaje D / 00:01:35:000 / display(02) / 00:00:00:000 para top(01)
Mensaje D / 00:01:35:000 / top(01) / 00:00:00:000 para Root(00)
Mensaje * / 00:01:35:000 / Root(00) para top(01)
Mensaje * / 00:01:35:000 / top(01) para display(02)
Mensaje Y / 00:01:35:000 / display(02) / display_out /      1.00000 para top(01)
Mensaje D / 00:01:35:000 / display(02) / ... para top(01)
Mensaje Y / 00:01:35:000 / top(01) / display_out /      1.00000 para Root(00)
Mensaje D / 00:01:35:000 / top(01) / ... para Root(00)
