Mensaje I / 00:00:00:000 / Root(00) para top(01)
Mensaje I / 00:00:00:000 / top(01) para filter(02)
Mensaje D / 00:00:00:000 / filter(02) / ... para top(01)
Mensaje D / 00:00:00:000 / top(01) / ... para Root(00)
Mensaje X / 00:00:00:000 / Root(00) / bit4_in /      4.00000 para top(01)
Mensaje X / 00:00:00:000 / top(01) / bit4_in /      4.00000 para filter(02)
Mensaje D / 00:00:00:000 / filter(02) / 00:00:00:000 para top(01)
Mensaje D / 00:00:00:000 / top(01) / 00:00:00:000 para Root(00)
Mensaje X / 00:00:00:000 / Root(00) / bit3_in /      3.00000 para top(01)
Mensaje X / 00:00:00:000 / top(01) / bit3_in /      3.00000 para filter(02)
Mensaje D / 00:00:00:000 / filter(02) / 00:00:00:000 para top(01)
Mensaje D / 00:00:00:000 / top(01) / 00:00:00:000 para Root(00)
Mensaje X / 00:00:00:000 / Root(00) / bit2_in /      2.00000 para top(01)
Mensaje X / 00:00:00:000 / top(01) / bit2_in /      2.00000 para filter(02)
Mensaje D / 00:00:00:000 / filter(02) / 00:00:00:000 para top(01)
Mensaje D / 00:00:00:000 / top(01) / 00:00:00:000 para Root(00)
Mensaje X / 00:00:00:000 / Root(00) / bit1_in /      1.00000 para top(01)
Mensaje X / 00:00:00:000 / top(01) / bit1_in /      1.00000 para filter(02)
Mensaje D / 00:00:00:000 / filter(02) / 00:00:00:000 para top(01)
Mensaje D / 00:00:00:000 / top(01) / 00:00:00:000 para Root(00)
Mensaje * / 00:00:00:000 / Root(00) para top(01)
Mensaje * / 00:00:00:000 / top(01) para filter(02)
Mensaje D / 00:00:00:000 / filter(02) / 00:00:10:000 para top(01)
Mensaje D / 00:00:00:000 / top(01) / 00:00:10:000 para Root(00)
Mensaje X / 00:00:10:000 / Root(00) / choice_in /      3.00000 para top(01)
Mensaje X / 00:00:10:000 / top(01) / choice_in /      3.00000 para filter(02)
Mensaje D / 00:00:10:000 / filter(02) / 00:00:00:000 para top(01)
Mensaje D / 00:00:10:000 / top(01) / 00:00:00:000 para Root(00)
Mensaje * / 00:00:10:000 / Root(00) para top(01)
Mensaje * / 00:00:10:000 / top(01) para filter(02)
Mensaje Y / 00:00:10:000 / filter(02) / bit_out /      3.00000 para top(01)
Mensaje D / 00:00:10:000 / filter(02) / ... para top(01)
Mensaje Y / 00:00:10:000 / top(01) / bit_out /      3.00000 para Root(00)
Mensaje D / 00:00:10:000 / top(01) / ... para Root(00)
Mensaje X / 00:00:20:000 / Root(00) / bit1_in /      4.00000 para top(01)
Mensaje X / 00:00:20:000 / top(01) / bit1_in /      4.00000 para filter(02)
Mensaje D / 00:00:20:000 / filter(02) / 00:00:00:000 para top(01)
Mensaje D / 00:00:20:000 / top(01) / 00:00:00:000 para Root(00)
Mensaje * / 00:00:20:000 / Root(00) para top(01)
Mensaje * / 00:00:20:000 / top(01) para filter(02)
Mensaje D / 00:00:20:000 / filter(02) / 00:00:10:000 para top(01)
Mensaje D / 00:00:20:000 / top(01) / 00:00:10:000 para Root(00)
Mensaje X / 00:00:30:000 / Root(00) / choice_in /      2.00000 para top(01)
Mensaje X / 00:00:30:000 / top(01) / choice_in /      2.00000 para filter(02)
Mensaje D / 00:00:30:000 / filter(02) / 00:00:00:000 para top(01)
Mensaje D / 00:00:30:000 / top(01) / 00:00:00:000 para Root(00)
Mensaje * / 00:00:30:000 / Root(00) para top(01)
Mensaje * / 00:00:30:000 / top(01) para filter(02)
Mensaje Y / 00:00:30:000 / filter(02) / bit_out /      0.00000 para top(01)
Mensaje D / 00:00:30:000 / filter(02) / ... para top(01)
Mensaje Y / 00:00:30:000 / top(01) / bit_out /      0.00000 para Root(00)
Mensaje D / 00:00:30:000 / top(01) / ... para Root(00)
Mensaje X / 00:00:40:000 / Root(00) / bit2_in /      4.00000 para top(01)
Mensaje X / 00:00:40:000 / top(01) / bit2_in /      4.00000 para filter(02)
Mensaje D / 00:00:40:000 / filter(02) / 00:00:00:000 para top(01)
Mensaje D / 00:00:40:000 / top(01) / 00:00:00:000 para Root(00)
Mensaje * / 00:00:40:000 / Root(00) para top(01)
Mensaje * / 00:00:40:000 / top(01) para filter(02)
Mensaje D / 00:00:40:000 / filter(02) / 00:00:10:000 para top(01)
Mensaje D / 00:00:40:000 / top(01) / 00:00:10:000 para Root(00)
Mensaje X / 00:00:50:000 / Root(00) / choice_in /      1.00000 para top(01)
Mensaje X / 00:00:50:000 / top(01) / choice_in /      1.00000 para filter(02)
Mensaje D / 00:00:50:000 / filter(02) / 00:00:00:000 para top(01)
Mensaje D / 00:00:50:000 / top(01) / 00:00:00:000 para Root(00)
Mensaje * / 00:00:50:000 / Root(00) para top(01)
Mensaje * / 00:00:50:000 / top(01) para filter(02)
Mensaje Y / 00:00:50:000 / filter(02) / bit_out /      0.00000 para top(01)
Mensaje D / 00:00:50:000 / filter(02) / ... para top(01)
Mensaje Y / 00:00:50:000 / top(01) / bit_out /      0.00000 para Root(00)
Mensaje D / 00:00:50:000 / top(01) / ... para Root(00)
