Mensaje I / 00:00:00:000 / Root(00) para top(01)
Mensaje I / 00:00:00:000 / top(01) para account(02)
Mensaje I / 00:00:00:000 / top(01) para refresh(03)
Mensaje I / 00:00:00:000 / top(01) para datageneration(04)
Mensaje I / 00:00:00:000 / top(01) para dataprocessing(05)
Mensaje D / 00:00:00:000 / account(02) / ... para top(01)
Mensaje D / 00:00:00:000 / refresh(03) / ... para top(01)
Mensaje D / 00:00:00:000 / datageneration(04) / ... para top(01)
Mensaje I / 00:00:00:000 / dataprocessing(05) para filter(06)
Mensaje I / 00:00:00:000 / dataprocessing(05) para write(07)
Mensaje I / 00:00:00:000 / dataprocessing(05) para display(08)
Mensaje D / 00:00:00:000 / filter(06) / ... para dataprocessing(05)
Mensaje D / 00:00:00:000 / write(07) / ... para dataprocessing(05)
Mensaje D / 00:00:00:000 / display(08) / ... para dataprocessing(05)
Mensaje D / 00:00:00:000 / dataprocessing(05) / ... para top(01)
Mensaje D / 00:00:00:000 / top(01) / ... para Root(00)
Mensaje X / 00:00:00:000 / Root(00) / account_setting /      1.00000 para top(01)
Mensaje X / 00:00:00:000 / top(01) / account_setting /      1.00000 para account(02)
Mensaje D / 00:00:00:000 / account(02) / 00:00:00:000 para top(01)
Mensaje D / 00:00:00:000 / top(01) / 00:00:00:000 para Root(00)
Mensaje X / 00:00:00:000 / Root(00) / refresh_setting /      1.00000 para top(01)
Mensaje X / 00:00:00:000 / top(01) / refresh_setting /      1.00000 para refresh(03)
Mensaje D / 00:00:00:000 / refresh(03) / 00:00:00:000 para top(01)
Mensaje D / 00:00:00:000 / top(01) / 00:00:00:000 para Root(00)
Mensaje * / 00:00:00:000 / Root(00) para top(01)
Mensaje * / 00:00:00:000 / top(01) para account(02)
Mensaje D / 00:00:00:000 / account(02) / 00:00:10:000 para top(01)
Mensaje D / 00:00:00:000 / top(01) / 00:00:00:000 para Root(00)
Mensaje * / 00:00:00:000 / Root(00) para top(01)
Mensaje * / 00:00:00:000 / top(01) para refresh(03)
Mensaje D / 00:00:00:000 / refresh(03) / 00:00:10:000 para top(01)
Mensaje D / 00:00:00:000 / top(01) / 00:00:10:000 para Root(00)
Mensaje X / 00:00:05:000 / Root(00) / plus_in /      1.00000 para top(01)
Mensaje X / 00:00:05:000 / top(01) / plus_in /      1.00000 para account(02)
Mensaje X / 00:00:05:000 / top(01) / plus_in /      1.00000 para refresh(03)
Mensaje D / 00:00:05:000 / account(02) / 00:00:00:000 para top(01)
Mensaje D / 00:00:05:000 / refresh(03) / 00:00:00:000 para top(01)
Mensaje D / 00:00:05:000 / top(01) / 00:00:00:000 para Root(00)
Mensaje * / 00:00:05:000 / Root(00) para top(01)
Mensaje * / 00:00:05:000 / top(01) para account(02)
Mensaje D / 00:00:05:000 / account(02) / 00:00:10:000 para top(01)
Mensaje D / 00:00:05:000 / top(01) / 00:00:00:000 para Root(00)
Mensaje * / 00:00:05:000 / Root(00) para top(01)
Mensaje * / 00:00:05:000 / top(01) para refresh(03)
Mensaje D / 00:00:05:000 / refresh(03) / 00:00:10:000 para top(01)
Mensaje D / 00:00:05:000 / top(01) / 00:00:10:000 para Root(00)
Mensaje X / 00:00:10:000 / Root(00) / plus_in /      1.00000 para top(01)
Mensaje X / 00:00:10:000 / top(01) / plus_in /      1.00000 para account(02)
Mensaje X / 00:00:10:000 / top(01) / plus_in /      1.00000 para refresh(03)
Mensaje D / 00:00:10:000 / account(02) / 00:00:00:000 para top(01)
Mensaje D / 00:00:10:000 / refresh(03) / 00:00:00:000 para top(01)
Mensaje D / 00:00:10:000 / top(01) / 00:00:00:000 para Root(00)
Mensaje * / 00:00:10:000 / Root(00) para top(01)
Mensaje * / 00:00:10:000 / top(01) para account(02)
Mensaje D / 00:00:10:000 / account(02) / 00:00:10:000 para top(01)
Mensaje D / 00:00:10:000 / top(01) / 00:00:00:000 para Root(00)
Mensaje * / 00:00:10:000 / Root(00) para top(01)
Mensaje * / 00:00:10:000 / top(01) para refresh(03)
Mensaje D / 00:00:10:000 / refresh(03) / 00:00:10:000 para top(01)
Mensaje D / 00:00:10:000 / top(01) / 00:00:10:000 para Root(00)
Mensaje X / 00:00:11:000 / Root(00) / plus_in /      1.00000 para top(01)
Mensaje X / 00:00:11:000 / top(01) / plus_in /      1.00000 para account(02)
Mensaje X / 00:00:11:000 / top(01) / plus_in /      1.00000 para refresh(03)
Mensaje D / 00:00:11:000 / account(02) / 00:00:00:000 para top(01)
Mensaje D / 00:00:11:000 / refresh(03) / 00:00:00:000 para top(01)
Mensaje D / 00:00:11:000 / top(01) / 00:00:00:000 para Root(00)
Mensaje * / 00:00:11:000 / Root(00) para top(01)
Mensaje * / 00:00:11:000 / top(01) para account(02)
Mensaje D / 00:00:11:000 / account(02) / 00:00:10:000 para top(01)
Mensaje D / 00:00:11:000 / top(01) / 00:00:00:000 para Root(00)
Mensaje * / 00:00:11:000 / Root(00) para top(01)
Mensaje * / 00:00:11:000 / top(01) para refresh(03)
Mensaje D / 00:00:11:000 / refresh(03) / 00:00:10:000 para top(01)
Mensaje D / 00:00:11:000 / top(01) / 00:00:10:000 para Root(00)
Mensaje X / 00:00:12:000 / Root(00) / refresh_setting /      1.00000 para top(01)
Mensaje X / 00:00:12:000 / top(01) / refresh_setting /      1.00000 para refresh(03)
Mensaje D / 00:00:12:000 / refresh(03) / 00:00:00:000 para top(01)
Mensaje D / 00:00:12:000 / top(01) / 00:00:00:000 para Root(00)
Mensaje X / 00:00:12:000 / Root(00) / plus_in /      1.00000 para top(01)
Mensaje X / 00:00:12:000 / top(01) / plus_in /      1.00000 para account(02)
Mensaje X / 00:00:12:000 / top(01) / plus_in /      1.00000 para refresh(03)
Mensaje D / 00:00:12:000 / account(02) / 00:00:00:000 para top(01)
Mensaje D / 00:00:12:000 / refresh(03) / 00:00:00:000 para top(01)
Mensaje D / 00:00:12:000 / top(01) / 00:00:00:000 para Root(00)
Mensaje * / 00:00:12:000 / Root(00) para top(01)
Mensaje * / 00:00:12:000 / top(01) para account(02)
Mensaje D / 00:00:12:000 / account(02) / 00:00:10:000 para top(01)
Mensaje D / 00:00:12:000 / top(01) / 00:00:00:000 para Root(00)
Mensaje * / 00:00:12:000 / Root(00) para top(01)
Mensaje * / 00:00:12:000 / top(01) para refresh(03)
Mensaje Y / 00:00:12:000 / refresh(03) / refresh_out /      9.00000 para top(01)
Mensaje D / 00:00:12:000 / refresh(03) / ... para top(01)
Mensaje X / 00:00:12:000 / top(01) / lt_in /      9.00000 para datageneration(04)
Mensaje D / 00:00:12:000 / datageneration(04) / 00:00:00:000 para top(01)
Mensaje D / 00:00:12:000 / top(01) / 00:00:00:000 para Root(00)
Mensaje * / 00:00:12:000 / Root(00) para top(01)
Mensaje * / 00:00:12:000 / top(01) para datageneration(04)
Mensaje D / 00:00:12:000 / datageneration(04) / 00:00:09:000 para top(01)
Mensaje D / 00:00:12:000 / top(01) / 00:00:09:000 para Root(00)
Mensaje X / 00:00:15:000 / Root(00) / account_setting /      1.00000 para top(01)
Mensaje X / 00:00:15:000 / top(01) / account_setting /      1.00000 para account(02)
Mensaje D / 00:00:15:000 / account(02) / 00:00:00:000 para top(01)
Mensaje D / 00:00:15:000 / top(01) / 00:00:00:000 para Root(00)
Mensaje * / 00:00:15:000 / Root(00) para top(01)
Mensaje * / 00:00:15:000 / top(01) para account(02)
Mensaje Y / 00:00:15:000 / account(02) / accountno_out /      4.00000 para top(01)
Mensaje D / 00:00:15:000 / account(02) / ... para top(01)
Mensaje X / 00:00:15:000 / top(01) / accountno_in /      4.00000 para datageneration(04)
Mensaje D / 00:00:15:000 / datageneration(04) / 00:00:00:000 para top(01)
Mensaje D / 00:00:15:000 / top(01) / 00:00:00:000 para Root(00)
Mensaje * / 00:00:15:000 / Root(00) para top(01)
Mensaje * / 00:00:15:000 / top(01) para datageneration(04)
Mensaje Y / 00:00:15:000 / datageneration(04) / data4_out /      4.00000 para top(01)
Mensaje Y / 00:00:15:000 / datageneration(04) / data3_out /      3.00000 para top(01)
Mensaje Y / 00:00:15:000 / datageneration(04) / data2_out /      2.00000 para top(01)
Mensaje Y / 00:00:15:000 / datageneration(04) / data1_out /      1.00000 para top(01)
Mensaje D / 00:00:15:000 / datageneration(04) / ... para top(01)
Mensaje X / 00:00:15:000 / top(01) / bit4_in /      4.00000 para dataprocessing(05)
Mensaje X / 00:00:15:000 / top(01) / bit3_in /      3.00000 para dataprocessing(05)
Mensaje X / 00:00:15:000 / top(01) / bit2_in /      2.00000 para dataprocessing(05)
Mensaje X / 00:00:15:000 / top(01) / bit1_in /      1.00000 para dataprocessing(05)
Mensaje X / 00:00:15:000 / dataprocessing(05) / bit4_in /      4.00000 para filter(06)
Mensaje X / 00:00:15:000 / dataprocessing(05) / bit3_in /      3.00000 para filter(06)
Mensaje X / 00:00:15:000 / dataprocessing(05) / bit2_in /      2.00000 para filter(06)
Mensaje X / 00:00:15:000 / dataprocessing(05) / bit1_in /      1.00000 para filter(06)
Mensaje D / 00:00:15:000 / filter(06) / 00:00:00:000 para dataprocessing(05)
Mensaje D / 00:00:15:000 / filter(06) / 00:00:00:000 para dataprocessing(05)
Mensaje D / 00:00:15:000 / filter(06) / 00:00:00:000 para dataprocessing(05)
Mensaje D / 00:00:15:000 / filter(06) / 00:00:00:000 para dataprocessing(05)
Mensaje D / 00:00:15:000 / dataprocessing(05) / 00:00:00:000 para top(01)
Mensaje D / 00:00:15:000 / dataprocessing(05) / 00:00:00:000 para top(01)
Mensaje D / 00:00:15:000 / dataprocessing(05) / 00:00:00:000 para top(01)
Mensaje D / 00:00:15:000 / dataprocessing(05) / 00:00:00:000 para top(01)
Mensaje D / 00:00:15:000 / top(01) / 00:00:00:000 para Root(00)
Mensaje * / 00:00:15:000 / Root(00) para top(01)
Mensaje * / 00:00:15:000 / top(01) para dataprocessing(05)
Mensaje * / 00:00:15:000 / dataprocessing(05) para filter(06)
Mensaje D / 00:00:15:000 / filter(06) / 00:00:10:000 para dataprocessing(05)
Mensaje D / 00:00:15:000 / dataprocessing(05) / 00:00:10:000 para top(01)
Mensaje D / 00:00:15:000 / top(01) / 00:00:10:000 para Root(00)
Mensaje X / 00:00:20:000 / Root(00) / choice_in /      3.00000 para top(01)
Mensaje X / 00:00:20:000 / top(01) / choice_in /      3.00000 para dataprocessing(05)
Mensaje X / 00:00:20:000 / dataprocessing(05) / choice_in /      3.00000 para filter(06)
Mensaje X / 00:00:20:000 / dataprocessing(05) / choice_in /      3.00000 para write(07)
Mensaje D / 00:00:20:000 / filter(06) / 00:00:00:000 para dataprocessing(05)
Mensaje D / 00:00:20:000 / write(07) / 00:00:10:000 para dataprocessing(05)
Mensaje D / 00:00:20:000 / dataprocessing(05) / 00:00:00:000 para top(01)
Mensaje D / 00:00:20:000 / top(01) / 00:00:00:000 para Root(00)
Mensaje * / 00:00:20:000 / Root(00) para top(01)
Mensaje * / 00:00:20:000 / top(01) para dataprocessing(05)
Mensaje * / 00:00:20:000 / dataprocessing(05) para filter(06)
Mensaje Y / 00:00:20:000 / filter(06) / bit_out /      3.00000 para dataprocessing(05)
Mensaje D / 00:00:20:000 / filter(06) / ... para dataprocessing(05)
Mensaje X / 00:00:20:000 / dataprocessing(05) / filter_in /      3.00000 para display(08)
Mensaje D / 00:00:20:000 / display(08) / 00:00:00:000 para dataprocessing(05)
Mensaje D / 00:00:20:000 / dataprocessing(05) / 00:00:00:000 para top(01)
Mensaje D / 00:00:20:000 / top(01) / 00:00:00:000 para Root(00)
Mensaje * / 00:00:20:000 / Root(00) para top(01)
Mensaje * / 00:00:20:000 / top(01) para dataprocessing(05)
Mensaje * / 00:00:20:000 / dataprocessing(05) para display(08)
Mensaje Y / 00:00:20:000 / display(08) / display_out /      3.00000 para dataprocessing(05)
Mensaje D / 00:00:20:000 / display(08) / ... para dataprocessing(05)
Mensaje Y / 00:00:20:000 / dataprocessing(05) / display_out /      3.00000 para top(01)
Mensaje D / 00:00:20:000 / dataprocessing(05) / 00:00:10:000 para top(01)
Mensaje Y / 00:00:20:000 / top(01) / display_out /      3.00000 para Root(00)
Mensaje D / 00:00:20:000 / top(01) / 00:00:10:000 para Root(00)
Mensaje * / 00:00:30:000 / Root(00) para top(01)
Mensaje * / 00:00:30:000 / top(01) para dataprocessing(05)
Mensaje * / 00:00:30:000 / dataprocessing(05) para write(07)
Mensaje Y / 00:00:30:000 / write(07) / write_out /      3.00000 para dataprocessing(05)
Mensaje D / 00:00:30:000 / write(07) / ... para dataprocessing(05)
Mensaje X / 00:00:30:000 / dataprocessing(05) / write_in /      3.00000 para display(08)
Mensaje D / 00:00:30:000 / display(08) / 00:00:00:000 para dataprocessing(05)
Mensaje D / 00:00:30:000 / dataprocessing(05) / 00:00:00:000 para top(01)
Mensaje D / 00:00:30:000 / top(01) / 00:00:00:000 para Root(00)
Mensaje * / 00:00:30:000 / Root(00) para top(01)
Mensaje * / 00:00:30:000 / top(01) para dataprocessing(05)
Mensaje * / 00:00:30:000 / dataprocessing(05) para display(08)
Mensaje Y / 00:00:30:000 / display(08) / display_out /      3.00000 para dataprocessing(05)
Mensaje D / 00:00:30:000 / display(08) / ... para dataprocessing(05)
Mensaje Y / 00:00:30:000 / dataprocessing(05) / display_out /      3.00000 para top(01)
Mensaje D / 00:00:30:000 / dataprocessing(05) / ... para top(01)
Mensaje Y / 00:00:30:000 / top(01) / display_out /      3.00000 para Root(00)
Mensaje D / 00:00:30:000 / top(01) / ... para Root(00)
