Mensaje I / 00:00:00:000 / Root(00) para top(01)
Mensaje I / 00:00:00:000 / top(01) para refresh(02)
Mensaje D / 00:00:00:000 / refresh(02) / ... para top(01)
Mensaje D / 00:00:00:000 / top(01) / ... para Root(00)
Mensaje X / 00:00:10:000 / Root(00) / refresh_setting /      1.00000 para top(01)
Mensaje X / 00:00:10:000 / top(01) / refresh_setting /      1.00000 para refresh(02)
Mensaje D / 00:00:10:000 / refresh(02) / 00:00:00:000 para top(01)
Mensaje D / 00:00:10:000 / top(01) / 00:00:00:000 para Root(00)
Mensaje * / 00:00:10:000 / Root(00) para top(01)
Mensaje * / 00:00:10:000 / top(01) para refresh(02)
Mensaje D / 00:00:10:000 / refresh(02) / 00:00:10:000 para top(01)
Mensaje D / 00:00:10:000 / top(01) / 00:00:10:000 para Root(00)
Mensaje X / 00:00:11:000 / Root(00) / plus_in /      1.00000 para top(01)
Mensaje X / 00:00:11:000 / top(01) / plus_in /      1.00000 para refresh(02)
Mensaje D / 00:00:11:000 / refresh(02) / 00:00:00:000 para top(01)
Mensaje D / 00:00:11:000 / top(01) / 00:00:00:000 para Root(00)
Mensaje * / 00:00:11:000 / Root(00) para top(01)
Mensaje * / 00:00:11:000 / top(01) para refresh(02)
Mensaje D / 00:00:11:000 / refresh(02) / 00:00:10:000 para top(01)
Mensaje D / 00:00:11:000 / top(01) / 00:00:10:000 para Root(00)
Mensaje * / 00:00:21:000 / Root(00) para top(01)
Mensaje * / 00:00:21:000 / top(01) para refresh(02)
Mensaje D / 00:00:21:000 / refresh(02) / 00:00:10:000 para top(01)
Mensaje D / 00:00:21:000 / top(01) / 00:00:10:000 para Root(00)
Mensaje * / 00:00:31:000 / Root(00) para top(01)
Mensaje * / 00:00:31:000 / top(01) para refresh(02)
Mensaje D / 00:00:31:000 / refresh(02) / 00:00:10:000 para top(01)
Mensaje D / 00:00:31:000 / top(01) / 00:00:10:000 para Root(00)
Mensaje X / 00:00:40:000 / Root(00) / refresh_setting /      1.00000 para top(01)
Mensaje X / 00:00:40:000 / top(01) / refresh_setting /      1.00000 para refresh(02)
Mensaje D / 00:00:40:000 / refresh(02) / 00:00:00:000 para top(01)
Mensaje D / 00:00:40:000 / top(01) / 00:00:00:000 para Root(00)
Mensaje * / 00:00:40:000 / Root(00) para top(01)
Mensaje * / 00:00:40:000 / top(01) para refresh(02)
Mensaje Y / 00:00:40:000 / refresh(02) / refresh_out /      6.00000 para top(01)
Mensaje D / 00:00:40:000 / refresh(02) / ... para top(01)
Mensaje Y / 00:00:40:000 / top(01) / refresh_out /      6.00000 para Root(00)
Mensaje D / 00:00:40:000 / top(01) / ... para Root(00)
Mensaje X / 00:00:45:000 / Root(00) / refresh_setting /      1.00000 para top(01)
Mensaje X / 00:00:45:000 / top(01) / refresh_setting /      1.00000 para refresh(02)
Mensaje D / 00:00:45:000 / refresh(02) / 00:00:00:000 para top(01)
Mensaje D / 00:00:45:000 / top(01) / 00:00:00:000 para Root(00)
Mensaje * / 00:00:45:000 / Root(00) para top(01)
Mensaje * / 00:00:45:000 / top(01) para refresh(02)
Mensaje D / 00:00:45:000 / refresh(02) / 00:00:10:000 para top(01)
Mensaje D / 00:00:45:000 / top(01) / 00:00:10:000 para Root(00)
Mensaje X / 00:00:50:000 / Root(00) / minus_in /      1.00000 para top(01)
Mensaje X / 00:00:50:000 / top(01) / minus_in /      1.00000 para refresh(02)
Mensaje D / 00:00:50:000 / refresh(02) / 00:00:00:000 para top(01)
Mensaje D / 00:00:50:000 / top(01) / 00:00:00:000 para Root(00)
Mensaje * / 00:00:50:000 / Root(00) para top(01)
Mensaje * / 00:00:50:000 / top(01) para refresh(02)
Mensaje D / 00:00:50:000 / refresh(02) / 00:00:10:000 para top(01)
Mensaje D / 00:00:50:000 / top(01) / 00:00:10:000 para Root(00)
Mensaje X / 00:00:55:000 / Root(00) / plus_in /      1.00000 para top(01)
Mensaje X / 00:00:55:000 / top(01) / plus_in /      1.00000 para refresh(02)
Mensaje D / 00:00:55:000 / refresh(02) / 00:00:00:000 para top(01)
Mensaje D / 00:00:55:000 / top(01) / 00:00:00:000 para Root(00)
Mensaje * / 00:00:55:000 / Root(00) para top(01)
Mensaje * / 00:00:55:000 / top(01) para refresh(02)
Mensaje D / 00:00:55:000 / refresh(02) / 00:00:10:000 para top(01)
Mensaje D / 00:00:55:000 / top(01) / 00:00:10:000 para Root(00)
Mensaje X / 00:01:05:000 / Root(00) / plus_in /      1.00000 para top(01)
Mensaje X / 00:01:05:000 / top(01) / plus_in /      1.00000 para refresh(02)
Mensaje D / 00:01:05:000 / refresh(02) / 00:00:00:000 para top(01)
Mensaje D / 00:01:05:000 / top(01) / 00:00:00:000 para Root(00)
Mensaje * / 00:01:05:000 / Root(00) para top(01)
Mensaje * / 00:01:05:000 / top(01) para refresh(02)
Mensaje D / 00:01:05:000 / refresh(02) / 00:00:10:000 para top(01)
Mensaje D / 00:01:05:000 / top(01) / 00:00:10:000 para Root(00)
Mensaje X / 00:01:10:000 / Root(00) / plus_in /      1.00000 para top(01)
Mensaje X / 00:01:10:000 / top(01) / plus_in /      1.00000 para refresh(02)
Mensaje D / 00:01:10:000 / refresh(02) / 00:00:00:000 para top(01)
Mensaje D / 00:01:10:000 / top(01) / 00:00:00:000 para Root(00)
Mensaje * / 00:01:10:000 / Root(00) para top(01)
Mensaje * / 00:01:10:000 / top(01) para refresh(02)
Mensaje D / 00:01:10:000 / refresh(02) / 00:00:10:000 para top(01)
Mensaje D / 00:01:10:000 / top(01) / 00:00:10:000 para Root(00)
Mensaje X / 00:01:20:000 / Root(00) / plus_in /      1.00000 para top(01)
Mensaje X / 00:01:20:000 / top(01) / plus_in /      1.00000 para refresh(02)
Mensaje D / 00:01:20:000 / refresh(02) / 00:00:00:000 para top(01)
Mensaje D / 00:01:20:000 / top(01) / 00:00:00:000 para Root(00)
Mensaje * / 00:01:20:000 / Root(00) para top(01)
Mensaje * / 00:01:20:000 / top(01) para refresh(02)
Mensaje D / 00:01:20:000 / refresh(02) / 00:00:10:000 para top(01)
Mensaje D / 00:01:20:000 / top(01) / 00:00:10:000 para Root(00)
Mensaje X / 00:01:30:000 / Root(00) / refresh_setting /      1.00000 para top(01)
Mensaje X / 00:01:30:000 / top(01) / refresh_setting /      1.00000 para refresh(02)
Mensaje D / 00:01:30:000 / refresh(02) / 00:00:00:000 para top(01)
Mensaje D / 00:01:30:000 / top(01) / 00:00:00:000 para Root(00)
Mensaje * / 00:01:30:000 / Root(00) para top(01)
Mensaje * / 00:01:30:000 / top(01) para refresh(02)
Mensaje Y / 00:01:30:000 / refresh(02) / refresh_out /      8.00000 para top(01)
Mensaje D / 00:01:30:000 / refresh(02) / ... para top(01)
Mensaje Y / 00:01:30:000 / top(01) / refresh_out /      8.00000 para Root(00)
Mensaje D / 00:01:30:000 / top(01) / ... para Root(00)
