Mensaje I / 00:00:00:000 / Root(00) para top(01)
Mensaje I / 00:00:00:000 / top(01) para write(02)
Mensaje D / 00:00:00:000 / write(02) / ... para top(01)
Mensaje D / 00:00:00:000 / top(01) / ... para Root(00)
Mensaje X / 00:00:00:000 / Root(00) / choice_in /      3.00000 para top(01)
Mensaje X / 00:00:00:000 / top(01) / choice_in /      3.00000 para write(02)
Mensaje D / 00:00:00:000 / write(02) / 00:00:10:000 para top(01)
Mensaje D / 00:00:00:000 / top(01) / 00:00:10:000 para Root(00)
Mensaje * / 00:00:10:000 / Root(00) para top(01)
Mensaje * / 00:00:10:000 / top(01) para write(02)
Mensaje Y / 00:00:10:000 / write(02) / write_out /      3.00000 para top(01)
Mensaje D / 00:00:10:000 / write(02) / ... para top(01)
Mensaje Y / 00:00:10:000 / top(01) / write_out /      3.00000 para Root(00)
Mensaje D / 00:00:10:000 / top(01) / ... para Root(00)
Mensaje X / 00:00:20:000 / Root(00) / choice_in /      4.00000 para top(01)
Mensaje X / 00:00:20:000 / top(01) / choice_in /      4.00000 para write(02)
Mensaje D / 00:00:20:000 / write(02) / 00:00:10:000 para top(01)
Mensaje D / 00:00:20:000 / top(01) / 00:00:10:000 para Root(00)
Mensaje * / 00:00:30:000 / Root(00) para top(01)
Mensaje * / 00:00:30:000 / top(01) para write(02)
Mensaje Y / 00:00:30:000 / write(02) / write_out /      4.00000 para top(01)
Mensaje D / 00:00:30:000 / write(02) / ... para top(01)
Mensaje Y / 00:00:30:000 / top(01) / write_out /      4.00000 para Root(00)
Mensaje D / 00:00:30:000 / top(01) / ... para Root(00)
Mensaje X / 00:00:40:000 / Root(00) / choice_in /      2.00000 para top(01)
Mensaje X / 00:00:40:000 / top(01) / choice_in /      2.00000 para write(02)
Mensaje D / 00:00:40:000 / write(02) / 00:00:10:000 para top(01)
Mensaje D / 00:00:40:000 / top(01) / 00:00:10:000 para Root(00)
Mensaje * / 00:00:50:000 / Root(00) para top(01)
Mensaje * / 00:00:50:000 / top(01) para write(02)
Mensaje Y / 00:00:50:000 / write(02) / write_out /      2.00000 para top(01)
Mensaje D / 00:00:50:000 / write(02) / ... para top(01)
Mensaje Y / 00:00:50:000 / top(01) / write_out /      2.00000 para Root(00)
Mensaje D / 00:00:50:000 / top(01) / ... para Root(00)
Mensaje X / 00:01:00:000 / Root(00) / choice_in /      1.00000 para top(01)
Mensaje X / 00:01:00:000 / top(01) / choice_in /      1.00000 para write(02)
Mensaje D / 00:01:00:000 / write(02) / 00:00:10:000 para top(01)
Mensaje D / 00:01:00:000 / top(01) / 00:00:10:000 para Root(00)
Mensaje X / 00:01:05:000 / Root(00) / choice_in /      3.00000 para top(01)
Mensaje X / 00:01:05:000 / top(01) / choice_in /      3.00000 para write(02)
Mensaje D / 00:01:05:000 / write(02) / 00:00:05:000 para top(01)
Mensaje D / 00:01:05:000 / top(01) / 00:00:05:000 para Root(00)
Mensaje * / 00:01:10:000 / Root(00) para top(01)
Mensaje * / 00:01:10:000 / top(01) para write(02)
Mensaje Y / 00:01:10:000 / write(02) / write_out /      1.00000 para top(01)
Mensaje D / 00:01:10:000 / write(02) / ... para top(01)
Mensaje Y / 00:01:10:000 / top(01) / write_out /      1.00000 para Root(00)
Mensaje D / 00:01:10:000 / top(01) / ... para Root(00)
Mensaje X / 00:01:15:000 / Root(00) / choice_in /      4.00000 para top(01)
Mensaje X / 00:01:15:000 / top(01) / choice_in /      4.00000 para write(02)
Mensaje D / 00:01:15:000 / write(02) / 00:00:10:000 para top(01)
Mensaje D / 00:01:15:000 / top(01) / 00:00:10:000 para Root(00)
Mensaje * / 00:01:25:000 / Root(00) para top(01)
Mensaje * / 00:01:25:000 / top(01) para write(02)
Mensaje Y / 00:01:25:000 / write(02) / write_out /      4.00000 para top(01)
Mensaje D / 00:01:25:000 / write(02) / ... para top(01)
Mensaje Y / 00:01:25:000 / top(01) / write_out /      4.00000 para Root(00)
Mensaje D / 00:01:25:000 / top(01) / ... para Root(00)
